timestamp,filepath,orig_width,orig_height,orig_bytes,new_width,new_height,new_bytes,status,message
2025-10-28T12:40:07+01:00,"./Confluenza-Rigo-Maggiore-Anguillara-Tresa/IMG_2530.jpeg",4032,3024,5302473,0,0,0,"error:convert_failed: convert-im6.q16: invalid argument for option `-resize': 1200x1200\> @ error/convert.c/ConvertImageCommand/2563."
2025-10-28T12:40:07+01:00,"./Confluenza-Rigo-Maggiore-Anguillara-Tresa/IMG_2531.jpeg",4032,3024,6301095,0,0,0,"error:convert_failed: convert-im6.q16: invalid argument for option `-resize': 1200x1200\> @ error/convert.c/ConvertImageCommand/2563."
2025-10-28T12:40:08+01:00,"./Confluenza-Rigo-Maggiore-Anguillara-Tresa/IMG_2532.jpeg",4032,3024,4952882,0,0,0,"error:convert_failed: convert-im6.q16: invalid argument for option `-resize': 1200x1200\> @ error/convert.c/ConvertImageCommand/2563."
2025-10-28T12:40:08+01:00,"./Confluenza-Rigo-Maggiore-Anguillara-Tresa/IMG_2533.jpeg",4032,3024,7114269,0,0,0,"error:convert_failed: convert-im6.q16: invalid argument for option `-resize': 1200x1200\> @ error/convert.c/ConvertImageCommand/2563."
2025-10-28T12:40:09+01:00,"./Confluenza-Rigo-Maggiore-Anguillara-Tresa/IMG_2534.jpeg",4032,3024,5066603,0,0,0,"error:convert_failed: convert-im6.q16: invalid argument for option `-resize': 1200x1200\> @ error/convert.c/ConvertImageCommand/2563."
2025-10-28T12:40:09+01:00,"./Confluenza-Rigo-Maggiore-Anguillara-Tresa/IMG_2535.jpeg",4032,3024,4845402,0,0,0,"error:convert_failed: convert-im6.q16: invalid argument for option `-resize': 1200x1200\> @ error/convert.c/ConvertImageCommand/2563."
2025-10-28T12:40:09+01:00,"./Confluenza-Rigo-Maggiore-Anguillara-Tresa/IMG_2536.jpeg",4032,3024,4943627,0,0,0,"error:convert_failed: convert-im6.q16: invalid argument for option `-resize': 1200x1200\> @ error/convert.c/ConvertImageCommand/2563."
2025-10-28T12:40:09+01:00,"./Confluenza-Rigo-Maggiore-Anguillara-Tresa/IMG_2537.jpeg",4032,3024,4754286,0,0,0,"error:convert_failed: convert-im6.q16: invalid argument for option `-resize': 1200x1200\> @ error/convert.c/ConvertImageCommand/2563."
2025-10-28T12:40:10+01:00,"./Foce-Anguillara/IMG_2468.jpeg",4032,3024,3748243,0,0,0,"error:convert_failed: convert-im6.q16: invalid argument for option `-resize': 1200x1200\> @ error/convert.c/ConvertImageCommand/2563."
2025-10-28T12:40:10+01:00,"./Foce-Anguillara/IMG_2469.jpeg",4032,3024,4447482,0,0,0,"error:convert_failed: convert-im6.q16: invalid argument for option `-resize': 1200x1200\> @ error/convert.c/ConvertImageCommand/2563."
2025-10-28T12:40:10+01:00,"./Foce-Anguillara/IMG_2470.jpeg",4032,3024,5493147,0,0,0,"error:convert_failed: convert-im6.q16: invalid argument for option `-resize': 1200x1200\> @ error/convert.c/ConvertImageCommand/2563."
2025-10-28T12:40:11+01:00,"./Foce-Anguillara/IMG_2471.jpeg",4032,3024,4415141,0,0,0,"error:convert_failed: convert-im6.q16: invalid argument for option `-resize': 1200x1200\> @ error/convert.c/ConvertImageCommand/2563."
2025-10-28T12:42:07+01:00,"./Confluenza-Rigo-Maggiore-Anguillara-Tresa/IMG_2530.jpeg",4032,3024,5302473,1200,900,563363,"resized:ok"
2025-10-28T12:42:08+01:00,"./Confluenza-Rigo-Maggiore-Anguillara-Tresa/IMG_2531.jpeg",4032,3024,6301095,1200,900,632287,"resized:ok"
2025-10-28T12:42:08+01:00,"./Confluenza-Rigo-Maggiore-Anguillara-Tresa/IMG_2532.jpeg",4032,3024,4952882,1200,900,507969,"resized:ok"
2025-10-28T12:42:09+01:00,"./Confluenza-Rigo-Maggiore-Anguillara-Tresa/IMG_2533.jpeg",4032,3024,7114269,1200,900,729342,"resized:ok"
2025-10-28T12:42:09+01:00,"./Confluenza-Rigo-Maggiore-Anguillara-Tresa/IMG_2534.jpeg",4032,3024,5066603,1200,900,585059,"resized:ok"
2025-10-28T12:42:10+01:00,"./Confluenza-Rigo-Maggiore-Anguillara-Tresa/IMG_2535.jpeg",4032,3024,4845402,1200,900,569740,"resized:ok"
2025-10-28T12:42:10+01:00,"./Confluenza-Rigo-Maggiore-Anguillara-Tresa/IMG_2536.jpeg",4032,3024,4943627,1200,900,580224,"resized:ok"
2025-10-28T12:42:10+01:00,"./Confluenza-Rigo-Maggiore-Anguillara-Tresa/IMG_2537.jpeg",4032,3024,4754286,1200,900,564942,"resized:ok"
2025-10-28T12:42:11+01:00,"./Foce-Anguillara/IMG_2468.jpeg",4032,3024,3748243,1200,900,355941,"resized:ok"
2025-10-28T12:42:11+01:00,"./Foce-Anguillara/IMG_2469.jpeg",4032,3024,4447482,1200,900,460759,"resized:ok"
2025-10-28T12:42:12+01:00,"./Foce-Anguillara/IMG_2470.jpeg",4032,3024,5493147,1200,900,535900,"resized:ok"
2025-10-28T12:42:12+01:00,"./Foce-Anguillara/IMG_2471.jpeg",4032,3024,4415141,1200,900,452162,"resized:ok"
2025-10-28T12:42:13+01:00,"./Foce-Anguillara/IMG_2472.jpeg",4032,3024,6938540,1200,900,702448,"resized:ok"
2025-10-28T12:42:13+01:00,"./Foce-Anguillara/IMG_2473.jpeg",4032,3024,4902285,1200,900,526332,"resized:ok"
2025-10-28T12:42:14+01:00,"./Foce-Anguillara/IMG_2476.jpeg",4032,3024,4993420,1200,900,592092,"resized:ok"
2025-10-28T12:42:14+01:00,"./Foce-Anguillara/IMG_2477.jpeg",4032,3024,5501931,1200,900,531601,"resized:ok"
2025-10-28T12:42:14+01:00,"./Foce-Anguillara/IMG_2478.jpeg",4032,3024,6621027,1200,900,638401,"resized:ok"
2025-10-28T12:42:15+01:00,"./Foce-Anguillara/IMG_2483.jpeg",4032,3024,5313610,1200,900,607426,"resized:ok"
2025-10-28T12:42:15+01:00,"./Foce-Anguillara/IMG_2488.jpeg",4032,3024,6454929,1200,900,636354,"resized:ok"
2025-10-28T12:42:16+01:00,"./formagrande-pineta/IMG_2539.jpeg",4032,3024,4748564,1200,900,496782,"resized:ok"
2025-10-28T12:42:16+01:00,"./formagrande-pineta/IMG_2540.jpeg",4032,3024,6528137,1200,900,624872,"resized:ok"
2025-10-28T12:42:17+01:00,"./formagrande-pineta/IMG_2541.jpeg",4032,3024,6324656,1200,900,628577,"resized:ok"
2025-10-28T12:42:17+01:00,"./formagrande-pineta/IMG_2542.jpeg",4032,3024,5478324,1200,900,624777,"resized:ok"
2025-10-28T12:42:18+01:00,"./formagrande-pineta/IMG_2543.jpeg",4032,3024,4241137,1200,900,453120,"resized:ok"
2025-10-28T12:42:18+01:00,"./formagrande-pineta/IMG_2544.jpeg",4032,3024,4074143,1200,900,373289,"resized:ok"
2025-10-28T12:42:19+01:00,"./formagrande-pineta/IMG_2545.jpeg",4032,3024,4651325,1200,900,441302,"resized:ok"
2025-10-28T12:42:19+01:00,"./fossi-nord-ovest/image00001.jpeg",4032,3024,7206112,1200,900,673860,"resized:ok"
2025-10-28T12:42:20+01:00,"./fossi-nord-ovest/image00002.jpeg",4032,3024,5196263,1200,900,481226,"resized:ok"
2025-10-28T12:42:20+01:00,"./fossi-nord-ovest/image00003.jpeg",4032,3024,7668577,1200,900,700544,"resized:ok"
2025-10-28T12:42:20+01:00,"./fossi-nord-ovest/image00004.jpeg",4032,3024,6881275,1200,900,782680,"resized:ok"
2025-10-28T12:42:21+01:00,"./fossi-nord-ovest/image00005.jpeg",4032,3024,6956517,1200,900,738371,"resized:ok"
2025-10-28T12:42:21+01:00,"./fossi-nord-ovest/image00006.jpeg",4032,3024,7732501,1200,900,843985,"resized:ok"
2025-10-28T12:42:22+01:00,"./fossi-nord-ovest/image00007.jpeg",4032,3024,7808662,1200,900,841174,"resized:ok"
2025-10-28T12:42:22+01:00,"./fossi-nord-ovest/image00008.jpeg",4032,3024,5436466,1200,900,529145,"resized:ok"
2025-10-28T12:42:23+01:00,"./fossi-nord-ovest/image00009.jpeg",4032,3024,5272051,1200,900,531463,"resized:ok"
2025-10-28T12:42:23+01:00,"./fossi-nord-ovest/image00010.jpeg",4032,3024,7552149,1200,900,824705,"resized:ok"
2025-10-28T12:42:24+01:00,"./fossi-nord-ovest/image00011.jpeg",4032,3024,8706101,1200,900,859520,"resized:ok"
2025-10-28T12:42:24+01:00,"./fossi-nord-ovest/image00012.jpeg",4032,3024,5180662,1200,900,645974,"resized:ok"
2025-10-28T12:42:25+01:00,"./fossi-nord-ovest/image00013.jpeg",4032,3024,5187078,1200,900,650457,"resized:ok"
2025-10-28T12:42:25+01:00,"./fossi-nord-ovest/image00014.jpeg",4032,3024,4504019,1200,900,567163,"resized:ok"
2025-10-28T12:42:26+01:00,"./fossi-nord-ovest/image00015.jpeg",4032,3024,6822111,1200,900,766922,"resized:ok"
2025-10-28T12:42:26+01:00,"./fossi-nord-ovest/image00016.jpeg",4032,3024,4458873,1200,900,564202,"resized:ok"
2025-10-28T12:42:27+01:00,"./fossi-nord-ovest/image00017.jpeg",4032,3024,5325125,1200,900,636691,"resized:ok"
2025-10-28T12:42:27+01:00,"./fossi-nord-ovest/image00018.jpeg",4032,3024,6254723,1200,900,740063,"resized:ok"
2025-10-28T12:42:28+01:00,"./fossi-nord-ovest/image00019.jpeg",4032,3024,5693423,1200,900,665389,"resized:ok"
2025-10-28T12:42:28+01:00,"./fossi-nord-ovest/image00020.jpeg",4032,3024,7719561,1200,900,772053,"resized:ok"
2025-10-28T12:42:29+01:00,"./fossi-nord-ovest/image00021.jpeg",4032,3024,5394754,1200,900,701817,"resized:ok"
2025-10-28T12:42:29+01:00,"./fossi-nord-ovest/image00022.jpeg",4032,3024,7017966,1200,900,741739,"resized:ok"
2025-10-28T12:42:30+01:00,"./fossi-nord-ovest/image00023.jpeg",4032,3024,6566031,1200,900,756786,"resized:ok"
2025-10-28T12:42:30+01:00,"./fossi-nord-ovest/image00024.jpeg",4032,3024,7334381,1200,900,799262,"resized:ok"
2025-10-28T12:42:31+01:00,"./fossi-nord-ovest/image00025.jpeg",4032,3024,6740609,1200,900,764118,"resized:ok"
2025-10-28T12:42:31+01:00,"./fossi-nord-ovest/image00026.jpeg",4032,3024,6711375,1200,900,783941,"resized:ok"
2025-10-28T12:42:32+01:00,"./fossi-nord-ovest/image00027.jpeg",4032,3024,6507070,1200,900,750936,"resized:ok"
2025-10-28T12:42:32+01:00,"./fossi-nord-ovest/image00028.jpeg",4032,3024,7611638,1200,900,816735,"resized:ok"
2025-10-28T12:42:33+01:00,"./fossi-nord-ovest/image00029.jpeg",4032,3024,7788045,1200,900,819617,"resized:ok"
2025-10-28T12:42:33+01:00,"./fossi-nord-ovest/image00030.jpeg",4032,3024,7350897,1200,900,770881,"resized:ok"
2025-10-28T12:42:34+01:00,"./fossi-nord-ovest/image00031.jpeg",4032,3024,4099793,1200,900,470006,"resized:ok"
2025-10-28T12:42:34+01:00,"./fossi-nord-ovest/image00032.jpeg",4032,3024,7618202,1200,900,798625,"resized:ok"
2025-10-28T12:42:35+01:00,"./fossi-nord-ovest/image00033.jpeg",4032,3024,7124719,1200,900,809763,"resized:ok"
2025-10-28T12:42:35+01:00,"./fossi-nord-ovest/image00034.jpeg",4032,3024,6506260,1200,900,744128,"resized:ok"
2025-10-28T12:42:36+01:00,"./Fosso-da-Chiusa-Maranzano-ad-Anguillara/IMG_6485.jpeg",1200,900,384580,1200,900,384580,"skipped:already_within_limits"
2025-10-28T12:42:36+01:00,"./Fosso-da-Chiusa-Maranzano-ad-Anguillara/IMG_6486.jpeg",1200,900,219543,1200,900,219543,"skipped:already_within_limits"
2025-10-28T12:42:36+01:00,"./Fosso-da-Chiusa-Maranzano-ad-Anguillara/IMG_6487.jpeg",1200,900,412121,1200,900,412121,"skipped:already_within_limits"
2025-10-28T12:42:36+01:00,"./Fosso-da-Chiusa-Maranzano-ad-Anguillara/IMG_6489.jpeg",1200,900,429027,1200,900,429027,"skipped:already_within_limits"
2025-10-28T12:42:36+01:00,"./Fosso-da-Chiusa-Maranzano-ad-Anguillara/IMG_6491.jpeg",1200,900,402739,1200,900,402739,"skipped:already_within_limits"
2025-10-28T12:42:36+01:00,"./Fosso-da-Chiusa-Maranzano-ad-Anguillara/IMG_6493.jpeg",1200,900,379840,1200,900,379840,"skipped:already_within_limits"
2025-10-28T12:42:36+01:00,"./Fosso-da-Chiusa-Maranzano-ad-Anguillara/IMG_6494.jpeg",1200,900,279083,1200,900,279083,"skipped:already_within_limits"
2025-10-28T12:42:36+01:00,"./Fosso-da-Chiusa-Maranzano-ad-Anguillara/IMG_6495.jpeg",1200,900,252076,1200,900,252076,"skipped:already_within_limits"
2025-10-28T12:42:36+01:00,"./Fosso-Moiano/IMG_6496.jpeg",1200,900,407190,1200,900,407190,"skipped:already_within_limits"
2025-10-28T12:42:36+01:00,"./Fosso-Moiano/IMG_6497.jpeg",1200,900,452394,1200,900,452394,"skipped:already_within_limits"
2025-10-28T12:42:36+01:00,"./Fosso-Moiano/IMG_6499.jpeg",1200,900,415865,1200,900,415865,"skipped:already_within_limits"
2025-10-28T12:42:36+01:00,"./Fosso-Moiano/IMG_6501.jpeg",1200,900,388589,1200,900,388589,"skipped:already_within_limits"
2025-10-28T12:42:36+01:00,"./Fosso-Moiano/IMG_6504.jpeg",1200,900,390701,1200,900,390701,"skipped:already_within_limits"
2025-10-28T12:42:36+01:00,"./Fosso-Moiano/IMG_6506.jpeg",1200,900,436896,1200,900,436896,"skipped:already_within_limits"
2025-10-28T12:42:36+01:00,"./Fosso-Moiano/IMG_6507.jpeg",1200,900,422564,1200,900,422564,"skipped:already_within_limits"
2025-10-28T12:42:36+01:00,"./Fosso-Paganico/IMG_6364.jpeg",4032,3024,4877301,1200,900,707713,"resized:ok"
2025-10-28T12:42:37+01:00,"./Fosso-Paganico/IMG_6366.jpeg",4032,3024,3728518,1200,900,616082,"resized:ok"
2025-10-28T12:42:37+01:00,"./Fosso-Paganico/IMG_6368.jpeg",4032,3024,5571053,1200,900,719067,"resized:ok"
2025-10-28T12:42:38+01:00,"./Fosso-Paganico/IMG_6370.jpeg",4032,3024,5908699,1200,900,737115,"resized:ok"
2025-10-28T12:42:38+01:00,"./Fosso-Paganico/IMG_6372.jpeg",4032,3024,5232152,1200,900,687635,"resized:ok"
2025-10-28T12:42:39+01:00,"./Fosso-Paganico/IMG_6373.jpeg",4032,3024,5096412,1200,900,691351,"resized:ok"
2025-10-28T12:42:39+01:00,"./Fosso-Paganico/IMG_6383.jpeg",4032,3024,4877840,1200,900,642648,"resized:ok"
2025-10-28T12:42:40+01:00,"./Fosso-Paganico/IMG_6384.jpeg",4032,3024,4222418,1200,900,603492,"resized:ok"
2025-10-28T12:42:40+01:00,"./Fosso-Paganico/IMG_6387.jpeg",4032,3024,4274657,1200,900,598964,"resized:ok"
2025-10-28T12:42:40+01:00,"./Fosso-Paganico/IMG_6390.jpeg",4032,3024,4480252,1200,900,606891,"resized:ok"
2025-10-28T12:42:41+01:00,"./Fosso-Paganico/IMG_6508.jpeg",1200,900,443208,1200,900,443208,"skipped:already_within_limits"
2025-10-28T12:42:41+01:00,"./Fosso-Paganico/IMG_6509.jpeg",1200,900,404473,1200,900,404473,"skipped:already_within_limits"
2025-10-28T12:42:41+01:00,"./Fosso-Paganico/IMG_6520.jpeg",1200,900,410098,1200,900,410098,"skipped:already_within_limits"
2025-10-28T12:42:41+01:00,"./Fosso-Pescia/IMG_6473.jpeg",1200,900,308177,1200,900,308177,"skipped:already_within_limits"
2025-10-28T12:42:41+01:00,"./Fosso-Pescia/IMG_6475.jpeg",1200,900,416320,1200,900,416320,"skipped:already_within_limits"
2025-10-28T12:42:41+01:00,"./Fosso-Pescia/IMG_6480.jpeg",1200,900,464420,1200,900,464420,"skipped:already_within_limits"
2025-10-28T12:42:41+01:00,"./Fosso-Pescia/IMG_6481.jpeg",1200,900,436797,1200,900,436797,"skipped:already_within_limits"
2025-10-28T12:42:41+01:00,"./Fosso-Pescia/IMG_6484.jpeg",1200,900,387765,1200,900,387765,"skipped:already_within_limits"
2025-10-28T12:42:41+01:00,"./Fosso-Pescia/IMG_6521.jpeg",1200,900,544819,1200,900,544819,"skipped:already_within_limits"
2025-10-28T12:42:41+01:00,"./Fosso-Pescia/IMG_6523.jpeg",1200,900,499181,1200,900,499181,"skipped:already_within_limits"
2025-10-28T12:42:41+01:00,"./Fosso-Pescia/IMG_6524.jpeg",1200,900,489835,1200,900,489835,"skipped:already_within_limits"
2025-10-28T12:42:41+01:00,"./Fosso-Pescia/IMG_6525.jpeg",1200,900,559064,1200,900,559064,"skipped:already_within_limits"
2025-10-28T12:42:41+01:00,"./Fosso-Rio-Maggiore/IMG_6465.JPG",1200,900,413238,1200,900,413238,"skipped:already_within_limits"
2025-10-28T12:42:42+01:00,"./Fosso-Rio-Maggiore/IMG_6466.jpeg",1200,900,397184,1200,900,397184,"skipped:already_within_limits"
2025-10-28T12:42:42+01:00,"./Fosso-Rio-Maggiore/IMG_6468.jpeg",1200,900,467886,1200,900,467886,"skipped:already_within_limits"
2025-10-28T12:42:42+01:00,"./Fosso-Rio-Maggiore/IMG_6469.jpeg",1200,900,443570,1200,900,443570,"skipped:already_within_limits"
2025-10-28T12:42:42+01:00,"./Fosso-Rio-Maggiore/IMG_6471.jpeg",1200,900,438403,1200,900,438403,"skipped:already_within_limits"
2025-10-28T12:42:42+01:00,"./Fosso-Rio-Maggiore/IMG_6472.jpeg",1200,900,426307,1200,900,426307,"skipped:already_within_limits"
2025-10-28T12:42:42+01:00,"./ilac-tresa/image00001.jpeg",4032,3024,5333997,1200,900,499736,"resized:ok"
2025-10-28T12:42:42+01:00,"./ilac-tresa/image00002.jpeg",4032,3024,3214100,1200,900,376817,"resized:ok"
2025-10-28T12:42:43+01:00,"./ilac-tresa/image00003.jpeg",4032,3024,5743470,1200,900,576194,"resized:ok"
2025-10-28T12:42:43+01:00,"./ilac-tresa/image00004.jpeg",4032,3024,4964560,1200,900,484146,"resized:ok"
2025-10-28T12:42:44+01:00,"./ilac-tresa/image00005.jpeg",4032,3024,7969550,1200,900,761517,"resized:ok"
2025-10-28T12:42:44+01:00,"./ilac-tresa/image00006.jpeg",4032,3024,6735495,1200,900,688371,"resized:ok"
2025-10-28T12:42:45+01:00,"./ilac-tresa/image00007.jpeg",4032,3024,5992552,1200,900,553061,"resized:ok"
2025-10-28T12:42:45+01:00,"./ilac-tresa/image00008.jpeg",4032,3024,5689822,1200,900,543516,"resized:ok"
2025-10-28T12:42:45+01:00,"./ilac-tresa/image00009.jpeg",4032,3024,6014841,1200,900,576484,"resized:ok"
2025-10-28T12:42:46+01:00,"./Paratia-Rigo-Maggiore/IMG_2522.jpeg",4032,3024,5817998,1200,900,560022,"resized:ok"
2025-10-28T12:42:46+01:00,"./Paratia-Rigo-Maggiore/IMG_2523.jpeg",4032,3024,5355031,1200,900,551093,"resized:ok"
2025-10-28T12:42:47+01:00,"./Paratia-Rigo-Maggiore/IMG_2524.jpeg",4032,3024,6667869,1200,900,679584,"resized:ok"
2025-10-28T12:42:47+01:00,"./Paratia-Rigo-Maggiore/IMG_2525.jpeg",4032,3024,7211254,1200,900,722185,"resized:ok"
2025-10-28T12:42:48+01:00,"./Paratia-Rigo-Maggiore/IMG_2526.jpeg",4032,3024,5563274,1200,900,570612,"resized:ok"
2025-10-28T12:42:48+01:00,"./Paratia-Rigo-Maggiore/IMG_2527.jpeg",4032,3024,5555689,1200,900,559212,"resized:ok"
2025-10-28T12:42:49+01:00,"./Paratia-Rigo-Maggiore/IMG_2528.jpeg",4032,3024,6343520,1200,900,617059,"resized:ok"
2025-10-28T12:42:49+01:00,"./Paratia-Tresa-Anguillara/IMG_2501.jpeg",4032,3024,5055299,1200,900,497882,"resized:ok"
2025-10-28T12:42:50+01:00,"./Paratia-Tresa-Anguillara/IMG_2502.jpeg",4032,3024,5778873,1200,900,613265,"resized:ok"
2025-10-28T12:42:50+01:00,"./Paratia-Tresa-Anguillara/IMG_2503.jpeg",4032,3024,6136898,1200,900,671606,"resized:ok"
2025-10-28T12:42:51+01:00,"./Paratia-Tresa-Anguillara/IMG_2504.jpeg",4032,3024,5785515,1200,900,595619,"resized:ok"
2025-10-28T12:42:51+01:00,"./Paratia-Tresa-Anguillara/IMG_2505.jpeg",4032,3024,6727028,1200,900,653952,"resized:ok"
2025-10-28T12:42:52+01:00,"./Paratia-Tresa-Anguillara/IMG_2506.jpeg",4032,3024,5737523,1200,900,586778,"resized:ok"
2025-10-28T12:42:52+01:00,"./Paratia-Tresa-Anguillara/IMG_2507.jpeg",4032,3024,5510610,1200,900,548233,"resized:ok"
2025-10-28T12:42:52+01:00,"./Paratia-Tresa-Anguillara/IMG_2508.jpeg",4032,3024,6790254,1200,900,679952,"resized:ok"
2025-10-28T12:42:53+01:00,"./Paratia-Tresa-Anguillara/IMG_2509.jpeg",4032,3024,6677980,1200,900,666061,"resized:ok"
2025-10-28T12:42:53+01:00,"./Paratia-Tresa-Anguillara/IMG_2510.jpeg",4032,3024,4499868,1200,900,508977,"resized:ok"
2025-10-28T12:42:54+01:00,"./passignano-tuoro/20250727_150740.jpg",4608,2592,4172999,1200,675,401536,"resized:ok"
2025-10-28T12:42:54+01:00,"./passignano-tuoro/20250727_150802.jpg",4608,2592,4942397,1200,675,478330,"resized:ok"
2025-10-28T12:42:55+01:00,"./passignano-tuoro/20250727_150813.jpg",4608,2592,4839875,1200,675,454445,"resized:ok"
2025-10-28T12:42:55+01:00,"./passignano-tuoro/20250727_151143.jpg",4608,2592,4307330,1200,675,404375,"resized:ok"
2025-10-28T12:42:56+01:00,"./passignano-tuoro/20250727_151229.jpg",4608,2592,3733222,1200,675,341691,"resized:ok"
2025-10-28T12:42:56+01:00,"./passignano-tuoro/20250727_151331.jpg",4608,2592,4822839,1200,675,429137,"resized:ok"
2025-10-28T12:42:56+01:00,"./passignano-tuoro/20250727_151422.jpg",4608,2592,4351157,1200,675,422401,"resized:ok"
2025-10-28T12:42:57+01:00,"./passignano-tuoro/20250727_151741.jpg",4608,2592,6318233,1200,675,593611,"resized:ok"
2025-10-28T12:42:57+01:00,"./passignano-tuoro/20250727_151756.jpg",4608,2592,5190696,1200,675,432208,"resized:ok"
2025-10-28T12:42:58+01:00,"./passignano-tuoro/20250727_151804.jpg",4608,2592,4971993,1200,675,399591,"resized:ok"
2025-10-28T12:42:58+01:00,"./passignano-tuoro/20250727_151844.jpg",4608,2592,5152758,1200,675,451002,"resized:ok"
2025-10-28T12:42:59+01:00,"./passignano-tuoro/20250727_151854.jpg",4608,2592,5231059,1200,675,441563,"resized:ok"
2025-10-28T12:42:59+01:00,"./passignano-tuoro/20250727_154328.jpg",4608,2592,4271238,1200,675,422623,"resized:ok"
2025-10-28T12:43:00+01:00,"./passignano-tuoro/20250727_154409.jpg",4608,2592,4803147,1200,675,443657,"resized:ok"
2025-10-28T12:43:00+01:00,"./passignano-tuoro/20250727_160304.jpg",4608,2592,4416689,1200,675,405004,"resized:ok"
2025-10-28T12:43:01+01:00,"./passignano-tuoro/20250727_160344.jpg",4608,2592,4411999,1200,675,438108,"resized:ok"
2025-10-28T12:43:01+01:00,"./passignano-tuoro/20250727_160443.jpg",4608,2592,4721459,1200,675,438448,"resized:ok"
2025-10-28T12:43:01+01:00,"./passignano-tuoro/20250727_160546.jpg",4608,2592,5117237,1200,675,456606,"resized:ok"
2025-10-28T12:43:02+01:00,"./passignano-tuoro/20250727_162051.jpg",4608,2592,4753388,1200,675,406549,"resized:ok"
2025-10-28T12:43:02+01:00,"./passignano-tuoro/20250727_162105.jpg",4608,2592,4909404,1200,675,414940,"resized:ok"
2025-10-28T12:43:03+01:00,"./passignano-tuoro/20250727_162125.jpg",4608,2592,3635266,1200,675,355493,"resized:ok"
2025-10-28T12:43:03+01:00,"./passignano-tuoro/20250727_162137.jpg",4608,2592,4099643,1200,675,385690,"resized:ok"
2025-10-28T12:43:04+01:00,"./passignano-tuoro/20250727_162717.jpg",4608,2592,4761353,1200,675,400598,"resized:ok"
2025-10-28T12:43:04+01:00,"./passignano-tuoro/20250727_162727.jpg",4608,2592,4155718,1200,675,366533,"resized:ok"
2025-10-28T12:43:04+01:00,"./passignano-tuoro/20250727_162740.jpg",4608,2592,5305509,1200,675,448501,"resized:ok"
2025-10-28T12:43:05+01:00,"./passignano-tuoro/20250727_162849.jpg",4608,2592,5000680,1200,675,459013,"resized:ok"
2025-10-28T12:43:05+01:00,"./passignano-tuoro/20250727_162855.jpg",4608,2592,4295737,1200,675,414414,"resized:ok"
2025-10-28T12:43:06+01:00,"./passignano-tuoro/20250727_162921.jpg",4608,2592,4528521,1200,675,420027,"resized:ok"
2025-10-28T12:43:06+01:00,"./passignano-tuoro/20250727_163254.jpg",4608,2592,4319908,1200,675,375737,"resized:ok"
2025-10-28T12:43:07+01:00,"./passignano-tuoro/20250727_163304.jpg",4608,2592,4985942,1200,675,418384,"resized:ok"
2025-10-28T12:43:07+01:00,"./passignano-tuoro/20250727_163329.jpg",4608,2592,4109586,1200,675,383654,"resized:ok"
2025-10-28T12:43:07+01:00,"./passignano-tuoro/20250727_164238.jpg",4608,2592,4441516,1200,675,381039,"resized:ok"
2025-10-28T12:43:08+01:00,"./passignano-tuoro/20250727_164316.jpg",4608,2592,4014047,1200,675,410590,"resized:ok"
2025-10-28T12:43:08+01:00,"./passignano-tuoro/20250727_164405.jpg",4608,2592,3819877,1200,675,356758,"resized:ok"
2025-10-28T12:43:09+01:00,"./passignano-tuoro/20250727_164844.jpg",4608,2592,3597158,1200,675,360387,"resized:ok"
2025-10-28T12:43:09+01:00,"./passignano-tuoro/20250727_164906.jpg",4608,2592,3732203,1200,675,380878,"resized:ok"
2025-10-28T12:43:10+01:00,"./passignano-tuoro/68D17C72-1928-4943-8BF0-6142FB8075A8_1_105_c.jpeg",768,1024,576064,768,1024,576064,"skipped:already_within_limits"
2025-10-28T12:43:10+01:00,"./passignano-tuoro/72885B8E-55FB-430F-89D9-06365DCCD45B_1_105_c.jpeg",768,1024,477208,768,1024,477208,"skipped:already_within_limits"
2025-10-28T12:43:10+01:00,"./passignano-tuoro/EB272ACD-64DC-4A41-9883-73F439F4A070_1_105_c.jpeg",768,1024,532695,768,1024,532695,"skipped:already_within_limits"
2025-10-28T12:43:10+01:00,"./Scesa-Ancaelle-La-Frusta/IMG_2566.jpeg",4032,3024,9036815,1200,900,889707,"resized:ok"
2025-10-28T12:43:10+01:00,"./Scesa-Ancaelle-La-Frusta/IMG_2567.jpeg",4032,3024,7054701,1200,900,698877,"resized:ok"
2025-10-28T12:43:11+01:00,"./Scesa-Ancaelle-La-Frusta/IMG_2568.jpeg",4032,3024,9121995,1200,900,845737,"resized:ok"
2025-10-28T12:43:11+01:00,"./Scesa-Ancaelle-La-Frusta/IMG_2569.jpeg",4032,3024,6981583,1200,900,712230,"resized:ok"
2025-10-28T12:43:12+01:00,"./Scesa-Ancaelle-La-Frusta/IMG_2570.jpeg",4032,3024,8104852,1200,900,783255,"resized:ok"
2025-10-28T12:43:12+01:00,"./Scesa-Ancaelle-La-Frusta/IMG_2571.jpeg",4032,3024,8224345,1200,900,780107,"resized:ok"
2025-10-28T12:43:13+01:00,"./Scesa-Ancaelle-La-Frusta/IMG_2572.jpeg",4032,3024,8275073,1200,900,781989,"resized:ok"
2025-10-28T12:43:13+01:00,"./Scesa-Ancaelle-La-Frusta/IMG_2573.jpeg",4032,3024,6246116,1200,900,724361,"resized:ok"
2025-10-28T12:43:14+01:00,"./Scesa-Ancaelle-La-Frusta/IMG_2574.jpeg",4032,3024,6155757,1200,900,718345,"resized:ok"
2025-10-28T12:43:14+01:00,"./Scesa-Ancaelle-La-Frusta/IMG_2575.jpeg",4032,3024,3920910,1200,900,513411,"resized:ok"
2025-10-28T12:43:15+01:00,"./Scesa-Arginone-SantArcangelo/IMG_2546.jpeg",4032,3024,6304969,1200,900,605072,"resized:ok"
2025-10-28T12:43:15+01:00,"./Scesa-Arginone-SantArcangelo/IMG_2547.jpeg",4032,3024,5293006,1200,900,689164,"resized:ok"
2025-10-28T12:43:16+01:00,"./Scesa-Arginone-SantArcangelo/IMG_2548.jpeg",4032,3024,4439565,1200,900,649531,"resized:ok"
2025-10-28T12:43:16+01:00,"./Scesa-Arginone-SantArcangelo/IMG_2549.jpeg",4032,3024,6464311,1200,900,667625,"resized:ok"
2025-10-28T12:43:17+01:00,"./Scesa-Arginone-SantArcangelo/IMG_2550.jpeg",4032,3024,6964403,1200,900,719259,"resized:ok"
2025-10-28T12:43:17+01:00,"./Scesa-Arginone-SantArcangelo/IMG_2551.jpeg",4032,3024,4996979,1200,900,497014,"resized:ok"
2025-10-28T12:43:18+01:00,"./Scesa-Arginone-SantArcangelo/IMG_2552.jpeg",4032,3024,6694950,1200,900,704191,"resized:ok"
2025-10-28T12:43:18+01:00,"./Scesa-Arginone-SantArcangelo/IMG_2553.jpeg",4032,3024,7179955,1200,900,741591,"resized:ok"
2025-10-28T12:43:19+01:00,"./Scesa-Caccina-Mirabella/IMG_2460.jpeg",4032,3024,3806864,1200,900,469220,"resized:ok"
2025-10-28T12:43:19+01:00,"./Scesa-Caccina-Mirabella/IMG_2461.jpeg",4032,3024,5990193,1200,900,670239,"resized:ok"
2025-10-28T12:43:19+01:00,"./Scesa-Caccina-Mirabella/IMG_2462.jpeg",4032,3024,7306501,1200,900,743699,"resized:ok"
2025-10-28T12:43:20+01:00,"./Scesa-Caccina-Mirabella/IMG_2463.jpeg",4032,3024,6030962,1200,900,605507,"resized:ok"
2025-10-28T12:43:20+01:00,"./Scesa-Caccina-Mirabella/IMG_2464.jpeg",4032,3024,5963235,1200,900,609118,"resized:ok"
2025-10-28T12:43:21+01:00,"./Scesa-Caccina-Mirabella/IMG_2465.jpeg",4032,3024,7023248,1200,900,677306,"resized:ok"
2025-10-28T12:43:21+01:00,"./Scesa-Caccina-Mirabella/IMG_2466.jpeg",4032,3024,5663948,1200,900,560185,"resized:ok"
2025-10-28T12:43:22+01:00,"./Scesa-Caccina-Mirabella/IMG_2467.jpeg",4032,3024,7132070,1200,900,733102,"resized:ok"
2025-10-28T12:43:22+01:00,"./Scesa-Via-Martiri-Cefalonia-SantArcangelo/IMG_2554.jpeg",4032,3024,6709739,1200,900,723975,"resized:ok"
2025-10-28T12:43:23+01:00,"./Scesa-Via-Martiri-Cefalonia-SantArcangelo/IMG_2555.jpeg",4032,3024,7371520,1200,900,722933,"resized:ok"
2025-10-28T12:43:23+01:00,"./Scesa-Via-Martiri-Cefalonia-SantArcangelo/IMG_2556.jpeg",4032,3024,6895528,1200,900,693211,"resized:ok"
2025-10-28T12:43:24+01:00,"./Scesa-Via-Martiri-Cefalonia-SantArcangelo/IMG_2557.jpeg",4032,3024,7297184,1200,900,717814,"resized:ok"
2025-10-28T12:43:24+01:00,"./Scesa-Via-Martiri-Cefalonia-SantArcangelo/IMG_2558.jpeg",4032,3024,6902722,1200,900,749767,"resized:ok"
2025-10-28T12:43:25+01:00,"./Scesa-Via-Martiri-Cefalonia-SantArcangelo/IMG_2559.jpeg",4032,3024,6690994,1200,900,728327,"resized:ok"
2025-10-28T12:43:25+01:00,"./Scesa-Via-Martiri-Cefalonia-SantArcangelo/IMG_2560.jpeg",4032,3024,6732099,1200,900,699730,"resized:ok"
2025-10-28T12:43:26+01:00,"./Scesa-Via-Martiri-Cefalonia-SantArcangelo/IMG_2561.jpeg",4032,3024,7256004,1200,900,794535,"resized:ok"
2025-10-28T12:43:26+01:00,"./Scesa-Via-Martiri-Cefalonia-SantArcangelo/IMG_2562.jpeg",4032,3024,7856454,1200,900,806568,"resized:ok"
2025-10-28T12:43:27+01:00,"./Scesa-Via-Martiri-Cefalonia-SantArcangelo/IMG_2563.jpeg",4032,3024,7570107,1200,900,794844,"resized:ok"
2025-10-28T12:43:27+01:00,"./Scesa-Via-Martiri-Cefalonia-SantArcangelo/IMG_2564.jpeg",4032,3024,7720666,1200,900,792745,"resized:ok"
2025-10-28T12:43:28+01:00,"./Scesa-Via-Martiri-Cefalonia-SantArcangelo/IMG_2565.jpeg",4032,3024,7801130,1200,900,800490,"resized:ok"
2025-10-28T12:43:28+01:00,"./Sottopasso-Tresa-su-Anguillara/IMG_2498.jpeg",4032,3024,4342027,1200,900,538038,"resized:ok"
2025-10-28T12:43:29+01:00,"./Sottopasso-Tresa-su-Anguillara/IMG_2509.jpeg",4032,3024,6677980,1200,900,666061,"resized:ok"
2025-10-28T12:43:29+01:00,"./Sottopasso-Tresa-su-Anguillara/IMG_2512.jpeg",4032,3024,4555861,1200,900,482930,"resized:ok"
2025-10-28T12:43:30+01:00,"./Sottopasso-Tresa-su-Anguillara/IMG_2514.jpeg",4032,3024,4722961,1200,900,518513,"resized:ok"
2025-10-28T12:43:30+01:00,"./zona-est/Fosso-del-Lombardo-a-monte-1-IMG_2760.JPG",8064,6048,26070059,1200,900,759687,"resized:ok"
2025-10-28T12:43:32+01:00,"./zona-est/Fosso-del-Lombardo-a-valle-2-IMG_2765.JPG",8064,6048,17564258,1200,900,476517,"resized:ok"
2025-10-28T12:43:34+01:00,"./zona-est/Fosso-del-Morto-a-monte-1-IMG_2756.JPG",8064,6048,23454343,1200,900,618430,"resized:ok"
2025-10-28T12:43:36+01:00,"./zona-est/Fosso-del-Morto-a-monte-2-IMG_2757.JPG",8064,6048,22055439,1200,900,675178,"resized:ok"
2025-10-28T12:43:37+01:00,"./zona-est/Fosso-del-Morto-a-monte-3-IMG_2758.JPG",8064,6048,22898271,1200,900,589120,"resized:ok"
2025-10-28T12:43:39+01:00,"./zona-est/Fosso-del-Morto-a-valle-1-IMG_2766.JPG",8064,6048,23607246,1200,900,637006,"resized:ok"
2025-10-28T12:43:41+01:00,"./zona-est/Fosso-del-Morto-a-valle-2-IMG_2767.JPG",8064,6048,20978771,1200,900,591016,"resized:ok"
2025-10-28T12:43:42+01:00,"./zona-est/Fosso-della-Carpina-a-monte-1-IMG_2759.JPG",4032,3024,5047913,1200,900,695472,"resized:ok"
2025-10-28T12:43:43+01:00,"./zona-est/Fosso-della-Carpina-a-valle-1-IMG_2770.JPG",8064,6048,19392865,1200,900,624497,"resized:ok"
2025-10-28T12:43:45+01:00,"./zona-est/Fosso-della-Carpina-a-valle-2-IMG_2771.JPG",8064,6048,21050357,1200,900,627044,"resized:ok"
2025-10-28T12:43:46+01:00,"./zona-est/Fosso-della-Madonna-della-Neve-1-IMG_2768.JPG",8064,6048,20791828,1200,900,576094,"resized:ok"
2025-10-28T12:43:48+01:00,"./zona-est/Fosso-della-Madonna-della-Neve-2-IMG_2769.JPG",8064,6048,21799953,1200,900,684991,"resized:ok"
2025-10-28T12:43:50+01:00,"./zona-est/Fosso-di-Monte-Buono-a-valle-1-IMG_276.JPG",8064,6048,24037916,1200,900,599596,"resized:ok"
2025-10-28T12:43:51+01:00,"./zona-est/Fosso-di-Monte-Buono-a-valle-1-IMG_2762.JPG",8064,6048,22146990,1200,900,751643,"resized:ok"
2025-10-28T12:43:53+01:00,"./zona-est/Fosso-di-Monte-Buono-a-valle-2-IMG_2763.JPG",8064,6048,21130838,1200,900,593749,"resized:ok"
2025-10-28T12:43:55+01:00,"./zona-est/Fosso-di-Monte-Buono-a-valle-2-IMG_2763b.JPG",8064,6048,20970410,1200,900,671585,"resized:ok"
